<?xml version="1.0" encoding="UTF-8"?>
<testsuites>
  <testsuite name="app" tests="1" assertions="1" failures="0" errors="0" time="0.009273">
    <testsuite name="Test_Controller_User" file="/Users/fujiwara/MAMP/phpunit_test/fuel/app/tests/controller/test_controller_user.php" fullPackage="Test.Controller" tests="1" assertions="1" failures="0" errors="0" time="0.009273">
      <testcase name="test_foo" class="Test_Controller_User" file="/Users/fujiwara/MAMP/phpunit_test/fuel/app/tests/controller/test_controller_user.php" line="7" assertions="1" time="0.009273"/>
    </testsuite>
  </testsuite>
</testsuites>
